This is pdfTeX, Version 3.14159265-2.6-1.40.20 (TeX Live 2019) (preloaded format=pdflatex 2019.5.8)  21 MAY 2020 17:31
entering extended mode
 restricted \write18 enabled.
 file:line:error style messages enabled.
 %&-line parsing enabled.
**Fall+Detection_Draft1.tex
(./Fall+Detection_Draft1.tex
LaTeX2e <2018-12-01>
(./llncs.cls
Document Class: llncs 2018/03/10 v2.20 
 LaTeX document class for Lecture Notes in Computer Science
(/usr/local/texlive/2019/texmf-dist/tex/latex/base/article.cls
Document Class: article 2018/09/03 v1.4i Standard LaTeX document class
(/usr/local/texlive/2019/texmf-dist/tex/latex/base/size10.clo
File: size10.clo 2018/09/03 v1.4i Standard LaTeX file (size option)
)
\c@part=\count80
\c@section=\count81
\c@subsection=\count82
\c@subsubsection=\count83
\c@paragraph=\count84
\c@subparagraph=\count85
\c@figure=\count86
\c@table=\count87
\abovecaptionskip=\skip41
\belowcaptionskip=\skip42
\bibindent=\dimen102
)
(/usr/local/texlive/2019/texmf-dist/tex/latex/tools/multicol.sty
Package: multicol 2018/12/27 v1.8v multicolumn formatting (FMi)
\c@tracingmulticols=\count88
\mult@box=\box27
\multicol@leftmargin=\dimen103
\c@unbalance=\count89
\c@collectmore=\count90
\doublecol@number=\count91
\multicoltolerance=\count92
\multicolpretolerance=\count93
\full@width=\dimen104
\page@free=\dimen105
\premulticols=\dimen106
\postmulticols=\dimen107
\multicolsep=\skip43
\multicolbaselineskip=\skip44
\partial@page=\box28
\last@line=\box29
\maxbalancingoverflow=\dimen108
\mult@rightbox=\box30
\mult@grightbox=\box31
\mult@gfirstbox=\box32
\mult@firstbox=\box33
\@tempa=\box34
\@tempa=\box35
\@tempa=\box36
\@tempa=\box37
\@tempa=\box38
\@tempa=\box39
\@tempa=\box40
\@tempa=\box41
\@tempa=\box42
\@tempa=\box43
\@tempa=\box44
\@tempa=\box45
\@tempa=\box46
\@tempa=\box47
\@tempa=\box48
\@tempa=\box49
\@tempa=\box50
\c@columnbadness=\count94
\c@finalcolumnbadness=\count95
\last@try=\dimen109
\multicolovershoot=\dimen110
\multicolundershoot=\dimen111
\mult@nat@firstbox=\box51
\colbreak@box=\box52
\mc@col@check@num=\count96
)
(/usr/local/texlive/2019/texmf-dist/tex/latex/oberdiek/aliascnt.sty
Package: aliascnt 2018/09/07 v1.5 Alias counters (HO)
)
\c@chapter=\count97
LaTeX Font Info:    Redeclaring math symbol \Gamma on input line 362.
LaTeX Font Info:    Redeclaring math symbol \Delta on input line 363.
LaTeX Font Info:    Redeclaring math symbol \Theta on input line 364.
LaTeX Font Info:    Redeclaring math symbol \Lambda on input line 365.
LaTeX Font Info:    Redeclaring math symbol \Xi on input line 366.
LaTeX Font Info:    Redeclaring math symbol \Pi on input line 367.
LaTeX Font Info:    Redeclaring math symbol \Sigma on input line 368.
LaTeX Font Info:    Redeclaring math symbol \Upsilon on input line 369.
LaTeX Font Info:    Redeclaring math symbol \Phi on input line 370.
LaTeX Font Info:    Redeclaring math symbol \Psi on input line 371.
LaTeX Font Info:    Redeclaring math symbol \Omega on input line 372.
\tocchpnum=\dimen112
\tocsecnum=\dimen113
\tocsectotal=\dimen114
\tocsubsecnum=\dimen115
\tocsubsectotal=\dimen116
\tocsubsubsecnum=\dimen117
\tocsubsubsectotal=\dimen118
\tocparanum=\dimen119
\tocparatotal=\dimen120
\tocsubparanum=\dimen121
\@tempcntc=\count98
\fnindent=\dimen122
\c@@inst=\count99
\c@@auth=\count100
\c@auco=\count101
\instindent=\dimen123
\authrun=\box53
\authorrunning=\toks14
\tocauthor=\toks15
\titrun=\box54
\titlerunning=\toks16
\toctitle=\toks17
\c@theorem=\count102
\c@case=\count103
\c@conjecture=\count104
\c@corollary=\count105
\c@definition=\count106
\c@example=\count107
\c@exercise=\count108
\c@lemma=\count109
\c@note=\count110
\c@problem=\count111
\c@property=\count112
\c@proposition=\count113
\c@question=\count114
\c@solution=\count115
\c@remark=\count116
\headlineindent=\dimen124
)
(/usr/local/texlive/2019/texmf-dist/tex/latex/graphics/graphicx.sty
Package: graphicx 2017/06/01 v1.1a Enhanced LaTeX Graphics (DPC,SPQR)

(/usr/local/texlive/2019/texmf-dist/tex/latex/graphics/keyval.sty
Package: keyval 2014/10/28 v1.15 key=value parser (DPC)
\KV@toks@=\toks18
)
(/usr/local/texlive/2019/texmf-dist/tex/latex/graphics/graphics.sty
Package: graphics 2017/06/25 v1.2c Standard LaTeX Graphics (DPC,SPQR)

(/usr/local/texlive/2019/texmf-dist/tex/latex/graphics/trig.sty
Package: trig 2016/01/03 v1.10 sin cos tan (DPC)
)
(/usr/local/texlive/2019/texmf-dist/tex/latex/graphics-cfg/graphics.cfg
File: graphics.cfg 2016/06/04 v1.11 sample graphics configuration
)
Package graphics Info: Driver file: pdftex.def on input line 99.

(/usr/local/texlive/2019/texmf-dist/tex/latex/graphics-def/pdftex.def
File: pdftex.def 2018/01/08 v1.0l Graphics/color driver for pdftex
))
\Gin@req@height=\dimen125
\Gin@req@width=\dimen126
)
(/usr/local/texlive/2019/texmf-dist/tex/latex/booktabs/booktabs.sty
Package: booktabs 2016/04/27 v1.618033 publication quality tables
\heavyrulewidth=\dimen127
\lightrulewidth=\dimen128
\cmidrulewidth=\dimen129
\belowrulesep=\dimen130
\belowbottomsep=\dimen131
\aboverulesep=\dimen132
\abovetopsep=\dimen133
\cmidrulesep=\dimen134
\cmidrulekern=\dimen135
\defaultaddspace=\dimen136
\@cmidla=\count117
\@cmidlb=\count118
\@aboverulesep=\dimen137
\@belowrulesep=\dimen138
\@thisruleclass=\count119
\@lastruleclass=\count120
\@thisrulewidth=\dimen139
)
(/usr/local/texlive/2019/texmf-dist/tex/latex/multirow/multirow.sty
Package: multirow 2019/01/01 v2.4 Span multiple rows of a table
\multirow@colwidth=\skip45
\multirow@cntb=\count121
\multirow@dima=\skip46
\bigstrutjot=\dimen140
)
(/usr/local/texlive/2019/texmf-dist/tex/latex/xcolor/xcolor.sty
Package: xcolor 2016/05/11 v2.12 LaTeX color extensions (UK)

(/usr/local/texlive/2019/texmf-dist/tex/latex/graphics-cfg/color.cfg
File: color.cfg 2016/01/02 v1.6 sample color configuration
)
Package xcolor Info: Driver file: pdftex.def on input line 225.
Package xcolor Info: Model `cmy' substituted by `cmy0' on input line 1348.
Package xcolor Info: Model `hsb' substituted by `rgb' on input line 1352.
Package xcolor Info: Model `RGB' extended on input line 1364.
Package xcolor Info: Model `HTML' substituted by `rgb' on input line 1366.
Package xcolor Info: Model `Hsb' substituted by `hsb' on input line 1367.
Package xcolor Info: Model `tHsb' substituted by `hsb' on input line 1368.
Package xcolor Info: Model `HSB' substituted by `hsb' on input line 1369.
Package xcolor Info: Model `Gray' substituted by `gray' on input line 1370.
Package xcolor Info: Model `wave' substituted by `hsb' on input line 1371.
)
(/usr/local/texlive/2019/texmf-dist/tex/latex/hyperref/hyperref.sty
Package: hyperref 2018/11/30 v6.88e Hypertext links for LaTeX

(/usr/local/texlive/2019/texmf-dist/tex/generic/oberdiek/hobsub-hyperref.sty
Package: hobsub-hyperref 2016/05/16 v1.14 Bundle oberdiek, subset hyperref (HO)


(/usr/local/texlive/2019/texmf-dist/tex/generic/oberdiek/hobsub-generic.sty
Package: hobsub-generic 2016/05/16 v1.14 Bundle oberdiek, subset generic (HO)
Package: hobsub 2016/05/16 v1.14 Construct package bundles (HO)
Package: infwarerr 2016/05/16 v1.4 Providing info/warning/error messages (HO)
Package: ltxcmds 2016/05/16 v1.23 LaTeX kernel commands for general use (HO)
Package: ifluatex 2016/05/16 v1.4 Provides the ifluatex switch (HO)
Package ifluatex Info: LuaTeX not detected.
Package: ifvtex 2016/05/16 v1.6 Detect VTeX and its facilities (HO)
Package ifvtex Info: VTeX not detected.
Package: intcalc 2016/05/16 v1.2 Expandable calculations with integers (HO)
Package: ifpdf 2018/09/07 v3.3 Provides the ifpdf switch
Package: etexcmds 2016/05/16 v1.6 Avoid name clashes with e-TeX commands (HO)
Package: kvsetkeys 2016/05/16 v1.17 Key value parser (HO)
Package: kvdefinekeys 2016/05/16 v1.4 Define keys (HO)
Package: pdftexcmds 2018/09/10 v0.29 Utility functions of pdfTeX for LuaTeX (HO
)
Package pdftexcmds Info: LuaTeX not detected.
Package pdftexcmds Info: \pdf@primitive is available.
Package pdftexcmds Info: \pdf@ifprimitive is available.
Package pdftexcmds Info: \pdfdraftmode found.
Package: pdfescape 2016/05/16 v1.14 Implements pdfTeX's escape features (HO)
Package: bigintcalc 2016/05/16 v1.4 Expandable calculations on big integers (HO
)
Package: bitset 2016/05/16 v1.2 Handle bit-vector datatype (HO)
Package: uniquecounter 2016/05/16 v1.3 Provide unlimited unique counter (HO)
)
Package hobsub Info: Skipping package `hobsub' (already loaded).
Package: letltxmacro 2016/05/16 v1.5 Let assignment for LaTeX macros (HO)
Package: hopatch 2016/05/16 v1.3 Wrapper for package hooks (HO)
Package: xcolor-patch 2016/05/16 xcolor patch
Package: atveryend 2016/05/16 v1.9 Hooks at the very end of document (HO)
Package atveryend Info: \enddocument detected (standard20110627).
Package: atbegshi 2016/06/09 v1.18 At begin shipout hook (HO)
Package: refcount 2016/05/16 v3.5 Data extraction from label references (HO)
Package: hycolor 2016/05/16 v1.8 Color options for hyperref/bookmark (HO)
)
(/usr/local/texlive/2019/texmf-dist/tex/generic/ifxetex/ifxetex.sty
Package: ifxetex 2010/09/12 v0.6 Provides ifxetex conditional
)
(/usr/local/texlive/2019/texmf-dist/tex/latex/oberdiek/auxhook.sty
Package: auxhook 2016/05/16 v1.4 Hooks for auxiliary files (HO)
)
(/usr/local/texlive/2019/texmf-dist/tex/latex/oberdiek/kvoptions.sty
Package: kvoptions 2016/05/16 v3.12 Key value format for package options (HO)
)
\@linkdim=\dimen141
\Hy@linkcounter=\count122
\Hy@pagecounter=\count123

(/usr/local/texlive/2019/texmf-dist/tex/latex/hyperref/pd1enc.def
File: pd1enc.def 2018/11/30 v6.88e Hyperref: PDFDocEncoding definition (HO)
Now handling font encoding PD1 ...
... no UTF-8 mapping file for font encoding PD1
)
\Hy@SavedSpaceFactor=\count124

(/usr/local/texlive/2019/texmf-dist/tex/latex/latexconfig/hyperref.cfg
File: hyperref.cfg 2002/06/06 v1.2 hyperref configuration of TeXLive
)
Package hyperref Info: Hyper figures OFF on input line 4519.
Package hyperref Info: Link nesting OFF on input line 4524.
Package hyperref Info: Hyper index ON on input line 4527.
Package hyperref Info: Plain pages OFF on input line 4534.
Package hyperref Info: Backreferencing OFF on input line 4539.
Package hyperref Info: Implicit mode ON; LaTeX internals redefined.
Package hyperref Info: Bookmarks ON on input line 4772.
\c@Hy@tempcnt=\count125

(/usr/local/texlive/2019/texmf-dist/tex/latex/url/url.sty
\Urlmuskip=\muskip10
Package: url 2013/09/16  ver 3.4  Verb mode for urls, etc.
)
LaTeX Info: Redefining \url on input line 5125.
\XeTeXLinkMargin=\dimen142
\Fld@menulength=\count126
\Field@Width=\dimen143
\Fld@charsize=\dimen144
Package hyperref Info: Hyper figures OFF on input line 6380.
Package hyperref Info: Link nesting OFF on input line 6385.
Package hyperref Info: Hyper index ON on input line 6388.
Package hyperref Info: backreferencing OFF on input line 6395.
Package hyperref Info: Link coloring OFF on input line 6400.
Package hyperref Info: Link coloring with OCG OFF on input line 6405.
Package hyperref Info: PDF/A mode OFF on input line 6410.
LaTeX Info: Redefining \ref on input line 6450.
LaTeX Info: Redefining \pageref on input line 6454.
\Hy@abspage=\count127
\c@Item=\count128
\c@Hfootnote=\count129
)
Package hyperref Info: Driver (autodetected): hpdftex.

(/usr/local/texlive/2019/texmf-dist/tex/latex/hyperref/hpdftex.def
File: hpdftex.def 2018/11/30 v6.88e Hyperref driver for pdfTeX
\Fld@listcount=\count130
\c@bookmark@seq@number=\count131

(/usr/local/texlive/2019/texmf-dist/tex/latex/oberdiek/rerunfilecheck.sty
Package: rerunfilecheck 2016/05/16 v1.8 Rerun checks for auxiliary files (HO)
Package uniquecounter Info: New unique counter `rerunfilecheck' on input line 2
82.
)
\Hy@SectionHShift=\skip47
)
(/usr/local/texlive/2019/texmf-dist/tex/latex/mathtools/mathtools.sty
Package: mathtools 2018/01/08 v1.21 mathematical typesetting tools

(/usr/local/texlive/2019/texmf-dist/tex/latex/tools/calc.sty
Package: calc 2017/05/25 v4.3 Infix arithmetic (KKT,FJ)
\calc@Acount=\count132
\calc@Bcount=\count133
\calc@Adimen=\dimen145
\calc@Bdimen=\dimen146
\calc@Askip=\skip48
\calc@Bskip=\skip49
LaTeX Info: Redefining \setlength on input line 80.
LaTeX Info: Redefining \addtolength on input line 81.
\calc@Ccount=\count134
\calc@Cskip=\skip50
)
(/usr/local/texlive/2019/texmf-dist/tex/latex/mathtools/mhsetup.sty
Package: mhsetup 2017/03/31 v1.3 programming setup (MH)
)
(/usr/local/texlive/2019/texmf-dist/tex/latex/amsmath/amsmath.sty
Package: amsmath 2018/12/01 v2.17b AMS math features
\@mathmargin=\skip51

For additional information on amsmath, use the `?' option.
(/usr/local/texlive/2019/texmf-dist/tex/latex/amsmath/amstext.sty
Package: amstext 2000/06/29 v2.01 AMS text

(/usr/local/texlive/2019/texmf-dist/tex/latex/amsmath/amsgen.sty
File: amsgen.sty 1999/11/30 v2.0 generic functions
\@emptytoks=\toks19
\ex@=\dimen147
))
(/usr/local/texlive/2019/texmf-dist/tex/latex/amsmath/amsbsy.sty
Package: amsbsy 1999/11/29 v1.2d Bold Symbols
\pmbraise@=\dimen148
)
(/usr/local/texlive/2019/texmf-dist/tex/latex/amsmath/amsopn.sty
Package: amsopn 2016/03/08 v2.02 operator names
)
\inf@bad=\count135
LaTeX Info: Redefining \frac on input line 223.
\uproot@=\count136
\leftroot@=\count137
LaTeX Info: Redefining \overline on input line 385.
\classnum@=\count138
\DOTSCASE@=\count139
LaTeX Info: Redefining \ldots on input line 482.
LaTeX Info: Redefining \dots on input line 485.
LaTeX Info: Redefining \cdots on input line 606.
\Mathstrutbox@=\box55
\strutbox@=\box56
\big@size=\dimen149
LaTeX Font Info:    Redeclaring font encoding OML on input line 729.
LaTeX Font Info:    Redeclaring font encoding OMS on input line 730.


Package amsmath Warning: Unable to redefine math accent \vec.

\macc@depth=\count140
\c@MaxMatrixCols=\count141
\dotsspace@=\muskip11
\c@parentequation=\count142
\dspbrk@lvl=\count143
\tag@help=\toks20
\row@=\count144
\column@=\count145
\maxfields@=\count146
\andhelp@=\toks21
\eqnshift@=\dimen150
\alignsep@=\dimen151
\tagshift@=\dimen152
\tagwidth@=\dimen153
\totwidth@=\dimen154
\lineht@=\dimen155
\@envbody=\toks22
\multlinegap=\skip52
\multlinetaggap=\skip53
\mathdisplay@stack=\toks23
LaTeX Info: Redefining \[ on input line 2844.
LaTeX Info: Redefining \] on input line 2845.
)
LaTeX Info: Thecontrolsequence`\('isalreadyrobust on input line 129.
LaTeX Info: Thecontrolsequence`\)'isalreadyrobust on input line 129.
LaTeX Info: Thecontrolsequence`\['isalreadyrobust on input line 129.
LaTeX Info: Thecontrolsequence`\]'isalreadyrobust on input line 129.
\g_MT_multlinerow_int=\count147
\l_MT_multwidth_dim=\dimen156
\origjot=\skip54
\l_MT_shortvdotswithinadjustabove_dim=\dimen157
\l_MT_shortvdotswithinadjustbelow_dim=\dimen158
\l_MT_above_intertext_sep=\dimen159
\l_MT_below_intertext_sep=\dimen160
\l_MT_above_shortintertext_sep=\dimen161
\l_MT_below_shortintertext_sep=\dimen162
) (./Fall+Detection_Draft1.aux)
\openout1 = `Fall+Detection_Draft1.aux'.

LaTeX Font Info:    Checking defaults for OML/cmm/m/it on input line 26.
LaTeX Font Info:    ... okay on input line 26.
LaTeX Font Info:    Checking defaults for T1/cmr/m/n on input line 26.
LaTeX Font Info:    ... okay on input line 26.
LaTeX Font Info:    Checking defaults for OT1/cmr/m/n on input line 26.
LaTeX Font Info:    ... okay on input line 26.
LaTeX Font Info:    Checking defaults for OMS/cmsy/m/n on input line 26.
LaTeX Font Info:    ... okay on input line 26.
LaTeX Font Info:    Checking defaults for OMX/cmex/m/n on input line 26.
LaTeX Font Info:    ... okay on input line 26.
LaTeX Font Info:    Checking defaults for U/cmr/m/n on input line 26.
LaTeX Font Info:    ... okay on input line 26.
LaTeX Font Info:    Checking defaults for PD1/pdf/m/n on input line 26.
LaTeX Font Info:    ... okay on input line 26.

(/usr/local/texlive/2019/texmf-dist/tex/context/base/mkii/supp-pdf.mkii
[Loading MPS to PDF converter (version 2006.09.02).]
\scratchcounter=\count148
\scratchdimen=\dimen163
\scratchbox=\box57
\nofMPsegments=\count149
\nofMParguments=\count150
\everyMPshowfont=\toks24
\MPscratchCnt=\count151
\MPscratchDim=\dimen164
\MPnumerator=\count152
\makeMPintoPDFobject=\count153
\everyMPtoPDFconversion=\toks25
) (/usr/local/texlive/2019/texmf-dist/tex/latex/oberdiek/epstopdf-base.sty
Package: epstopdf-base 2016/05/15 v2.6 Base part for package epstopdf

(/usr/local/texlive/2019/texmf-dist/tex/latex/oberdiek/grfext.sty
Package: grfext 2016/05/16 v1.2 Manage graphics extensions (HO)
)
Package epstopdf-base Info: Redefining graphics rule for `.eps' on input line 4
38.
Package grfext Info: Graphics extension search list:
(grfext)             [.pdf,.png,.jpg,.mps,.jpeg,.jbig2,.jb2,.PDF,.PNG,.JPG,.JPE
G,.JBIG2,.JB2,.eps]
(grfext)             \AppendGraphicsExtensions on input line 456.

(/usr/local/texlive/2019/texmf-dist/tex/latex/latexconfig/epstopdf-sys.cfg
File: epstopdf-sys.cfg 2010/07/13 v1.3 Configuration of (r)epstopdf for TeX Liv
e
))
\AtBeginShipoutBox=\box58
Package hyperref Info: Link coloring OFF on input line 26.

(/usr/local/texlive/2019/texmf-dist/tex/latex/hyperref/nameref.sty
Package: nameref 2016/05/21 v2.44 Cross-referencing by name of section

(/usr/local/texlive/2019/texmf-dist/tex/generic/oberdiek/gettitlestring.sty
Package: gettitlestring 2016/05/16 v1.5 Cleanup title references (HO)
)
\c@section@level=\count154
)
LaTeX Info: Redefining \ref on input line 26.
LaTeX Info: Redefining \pageref on input line 26.
LaTeX Info: Redefining \nameref on input line 26.

(./Fall+Detection_Draft1.out) (./Fall+Detection_Draft1.out)
\@outlinefile=\write3
\openout3 = `Fall+Detection_Draft1.out'.

LaTeX Font Info:    Try loading font information for OMS+cmtt on input line 31.

LaTeX Font Info:    No file OMScmtt.fd. on input line 31.


LaTeX Font Warning: Font shape `OMS/cmtt/m/n' undefined
(Font)              using `OMS/cmsy/m/n' instead
(Font)              for symbol `textbraceleft' on input line 31.

LaTeX Font Info:    Try loading font information for OMS+cmr on input line 36.
(/usr/local/texlive/2019/texmf-dist/tex/latex/base/omscmr.fd
File: omscmr.fd 2014/09/29 v2.5h Standard LaTeX font definitions
)
LaTeX Font Info:    Font shape `OMS/cmr/m/n' in size <9> not available
(Font)              Font shape `OMS/cmsy/m/n' tried instead on input line 36.
 [1

{/usr/local/texlive/2019/texmf-var/fonts/map/pdftex/updmap/pdftex.map}]
Underfull \hbox (badness 10000) in paragraph at lines 56--56
 [][][][]$\OT1/cmtt/m/n/9 https : / / www . pewresearch . org / fact-[]tank / 2
020 / 01 / 09 /
 []


Underfull \vbox (badness 10000) has occurred while \output is active []

 [2]
[3] [4] [5]

LaTeX Warning: File `images/S1 - Activity 1.png' not found on input line 155.

<images/S1 - Activity 1.png, id=86, 403.2666pt x 327.3831pt>
File: images/S1 - Activity 1.png Graphic file (type png)
<use images/S1 - Activity 1.png>
Package pdftex.def Info: images/S1 - Activity 1.png  used on input line 155.
(pdftex.def)             Requested size: 85.35919pt x 113.8115pt.

LaTeX Warning: File `images/S1 - Activity 2.png' not found on input line 156.

<images/S1 - Activity 2.png, id=88, 412.6617pt x 327.3831pt>
File: images/S1 - Activity 2.png Graphic file (type png)
<use images/S1 - Activity 2.png>
Package pdftex.def Info: images/S1 - Activity 2.png  used on input line 156.
(pdftex.def)             Requested size: 85.3581pt x 113.8115pt.

LaTeX Warning: File `images/S1 - Activity 3.png' not found on input line 157.

<images/S1 - Activity 3.png, id=89, 418.4433pt x 327.3831pt>
File: images/S1 - Activity 3.png Graphic file (type png)
<use images/S1 - Activity 3.png>
Package pdftex.def Info: images/S1 - Activity 3.png  used on input line 157.
(pdftex.def)             Requested size: 85.35364pt x 113.8115pt.

LaTeX Warning: File `images/S1 - Activity 4.png' not found on input line 158.

<images/S1 - Activity 4.png, id=90, 406.8801pt x 327.3831pt>
File: images/S1 - Activity 4.png Graphic file (type png)
<use images/S1 - Activity 4.png>
Package pdftex.def Info: images/S1 - Activity 4.png  used on input line 158.
(pdftex.def)             Requested size: 85.3542pt x 113.8115pt.

LaTeX Warning: File `images/S1 - Activity 5.png' not found on input line 159.

<images/S1 - Activity 5.png, id=91, 409.7709pt x 327.3831pt>
File: images/S1 - Activity 5.png Graphic file (type png)
<use images/S1 - Activity 5.png>
Package pdftex.def Info: images/S1 - Activity 5.png  used on input line 159.
(pdftex.def)             Requested size: 85.35413pt x 113.8115pt.

LaTeX Warning: File `images/S1 - Activity 6.png' not found on input line 160.

<images/S1 - Activity 6.png, id=92, 409.7709pt x 327.3831pt>
File: images/S1 - Activity 6.png Graphic file (type png)
<use images/S1 - Activity 6.png>
Package pdftex.def Info: images/S1 - Activity 6.png  used on input line 160.
(pdftex.def)             Requested size: 85.35413pt x 113.8115pt.

LaTeX Warning: File `images/S1 - Activity 7.png' not found on input line 161.

<images/S1 - Activity 7.png, id=93, 409.7709pt x 327.3831pt>
File: images/S1 - Activity 7.png Graphic file (type png)
<use images/S1 - Activity 7.png>
Package pdftex.def Info: images/S1 - Activity 7.png  used on input line 161.
(pdftex.def)             Requested size: 85.35413pt x 113.8115pt.

LaTeX Warning: File `images/S1 - Activity 8.png' not found on input line 162.

<images/S1 - Activity 8.png, id=94, 409.7709pt x 327.3831pt>
File: images/S1 - Activity 8.png Graphic file (type png)
<use images/S1 - Activity 8.png>
Package pdftex.def Info: images/S1 - Activity 8.png  used on input line 162.
(pdftex.def)             Requested size: 85.35413pt x 113.8115pt.

LaTeX Warning: File `images/S1 - Activity 9.png' not found on input line 163.

<images/S1 - Activity 9.png, id=95, 409.7709pt x 327.3831pt>
File: images/S1 - Activity 9.png Graphic file (type png)
<use images/S1 - Activity 9.png>
Package pdftex.def Info: images/S1 - Activity 9.png  used on input line 163.
(pdftex.def)             Requested size: 85.35413pt x 113.8115pt.

LaTeX Warning: File `images/S1 - Activity 10.png' not found on input line 164.

<images/S1 - Activity 10.png, id=96, 400.3758pt x 327.3831pt>
File: images/S1 - Activity 10.png Graphic file (type png)
<use images/S1 - Activity 10.png>
Package pdftex.def Info: images/S1 - Activity 10.png  used on input line 164.
(pdftex.def)             Requested size: 85.35822pt x 113.8115pt.

LaTeX Warning: File `images/S1 - Activity 11.png' not found on input line 165.

<images/S1 - Activity 11.png, id=97, 409.7709pt x 327.3831pt>
File: images/S1 - Activity 11.png Graphic file (type png)
<use images/S1 - Activity 11.png>
Package pdftex.def Info: images/S1 - Activity 11.png  used on input line 165.
(pdftex.def)             Requested size: 85.35413pt x 113.8115pt.

Overfull \hbox (4.69966pt too wide) in paragraph at lines 155--166
\OT1/cmr/m/n/10 ity 2.png [] - Ac-tiv-ity 3.png - Ac-tiv-ity 3.png []
 []


Underfull \vbox (badness 10000) has occurred while \output is active []

 [6 <./images/S1 - Activity 1.png> <./images/S1 - Activity 2.png> <./images/S1 
- Activity 3.png>]
Underfull \vbox (badness 10000) has occurred while \output is active []

 [7 <./images/S1 - Activity 4.png> <./images/S1 - Activity 5.png> <./images/S1 
- Activity 6.png> <./images/S1 - Activity 7.png> <./images/S1 - Activity 8.png>
 <./images/S1 - Activity 9.png>]

LaTeX Warning: File `images/S2 - Activity 1.png' not found on input line 171.

<images/S2 - Activity 1.png, id=117, 412.6617pt x 327.3831pt>
File: images/S2 - Activity 1.png Graphic file (type png)
<use images/S2 - Activity 1.png>
Package pdftex.def Info: images/S2 - Activity 1.png  used on input line 171.
(pdftex.def)             Requested size: 85.3581pt x 113.8115pt.

LaTeX Warning: File `images/S2 - Activity 2.png' not found on input line 172.

<images/S2 - Activity 2.png, id=118, 412.6617pt x 327.3831pt>
File: images/S2 - Activity 2.png Graphic file (type png)
<use images/S2 - Activity 2.png>
Package pdftex.def Info: images/S2 - Activity 2.png  used on input line 172.
(pdftex.def)             Requested size: 85.3581pt x 113.8115pt.

LaTeX Warning: File `images/S2 - Activity 3.png' not found on input line 173.

<images/S2 - Activity 3.png, id=119, 419.166pt x 327.3831pt>
File: images/S2 - Activity 3.png Graphic file (type png)
<use images/S2 - Activity 3.png>
Package pdftex.def Info: images/S2 - Activity 3.png  used on input line 173.
(pdftex.def)             Requested size: 85.35394pt x 113.8115pt.

LaTeX Warning: File `images/S2 - Activity 4.png' not found on input line 174.

<images/S2 - Activity 4.png, id=120, 419.166pt x 327.3831pt>
File: images/S2 - Activity 4.png Graphic file (type png)
<use images/S2 - Activity 4.png>
Package pdftex.def Info: images/S2 - Activity 4.png  used on input line 174.
(pdftex.def)             Requested size: 85.35394pt x 113.8115pt.

LaTeX Warning: File `images/S2 - Activity 5.png' not found on input line 175.

<images/S2 - Activity 5.png, id=121, 421.3341pt x 327.3831pt>
File: images/S2 - Activity 5.png Graphic file (type png)
<use images/S2 - Activity 5.png>
Package pdftex.def Info: images/S2 - Activity 5.png  used on input line 175.
(pdftex.def)             Requested size: 85.35826pt x 113.8115pt.

LaTeX Warning: File `images/S2 - Activity 6.png' not found on input line 176.

<images/S2 - Activity 6.png, id=122, 412.6617pt x 327.3831pt>
File: images/S2 - Activity 6.png Graphic file (type png)
<use images/S2 - Activity 6.png>
Package pdftex.def Info: images/S2 - Activity 6.png  used on input line 176.
(pdftex.def)             Requested size: 85.3581pt x 113.8115pt.

LaTeX Warning: File `images/S2 - Activity 7.png' not found on input line 177.

<images/S2 - Activity 7.png, id=123, 412.6617pt x 327.3831pt>
File: images/S2 - Activity 7.png Graphic file (type png)
<use images/S2 - Activity 7.png>
Package pdftex.def Info: images/S2 - Activity 7.png  used on input line 177.
(pdftex.def)             Requested size: 85.3581pt x 113.8115pt.

LaTeX Warning: File `images/S2 - Activity 8.png' not found on input line 178.

<images/S2 - Activity 8.png, id=124, 412.6617pt x 327.3831pt>
File: images/S2 - Activity 8.png Graphic file (type png)
<use images/S2 - Activity 8.png>
Package pdftex.def Info: images/S2 - Activity 8.png  used on input line 178.
(pdftex.def)             Requested size: 85.3581pt x 113.8115pt.

LaTeX Warning: File `images/S2 - Activity 9.png' not found on input line 179.

<images/S2 - Activity 9.png, id=125, 412.6617pt x 327.3831pt>
File: images/S2 - Activity 9.png Graphic file (type png)
<use images/S2 - Activity 9.png>
Package pdftex.def Info: images/S2 - Activity 9.png  used on input line 179.
(pdftex.def)             Requested size: 85.3581pt x 113.8115pt.

LaTeX Warning: File `images/S2 - Activity 10.png' not found on input line 180.

<images/S2 - Activity 10.png, id=126, 412.6617pt x 327.3831pt>
File: images/S2 - Activity 10.png Graphic file (type png)
<use images/S2 - Activity 10.png>
Package pdftex.def Info: images/S2 - Activity 10.png  used on input line 180.
(pdftex.def)             Requested size: 85.3581pt x 113.8115pt.

LaTeX Warning: File `images/S2 - Activity 11.png' not found on input line 181.

<images/S2 - Activity 11.png, id=127, 415.5525pt x 327.3831pt>
File: images/S2 - Activity 11.png Graphic file (type png)
<use images/S2 - Activity 11.png>
Package pdftex.def Info: images/S2 - Activity 11.png  used on input line 181.
(pdftex.def)             Requested size: 85.35367pt x 113.8115pt.

Overfull \hbox (4.69997pt too wide) in paragraph at lines 171--182
\OT1/cmr/m/n/10 ity 2.png [] - Ac-tiv-ity 3.png - Ac-tiv-ity 3.png []
 []


Underfull \vbox (badness 10000) has occurred while \output is active []

 [8 <./images/S1 - Activity 10.png> <./images/S1 - Activity 11.png> <./images/S
2 - Activity 1.png> <./images/S2 - Activity 2.png> <./images/S2 - Activity 3.pn
g>]
Underfull \vbox (badness 10000) has occurred while \output is active []

 [9 <./images/S2 - Activity 4.png> <./images/S2 - Activity 5.png> <./images/S2 
- Activity 6.png> <./images/S2 - Activity 7.png> <./images/S2 - Activity 8.png>
 <./images/S2 - Activity 9.png>] [10 <./images/S2 - Activity 10.png> <./images/
S2 - Activity 11.png>] [11]
Underfull \vbox (badness 10000) has occurred while \output is active []

 [12]
(./Fall+Detection_Draft1.bbl [13])
Package atveryend Info: Empty hook `BeforeClearDocument' on input line 247.
 [14]
Package atveryend Info: Empty hook `AfterLastShipout' on input line 247.
 (./Fall+Detection_Draft1.aux)
Package atveryend Info: Executing hook `AtVeryEndDocument' on input line 247.
Package atveryend Info: Executing hook `AtEndAfterFileList' on input line 247.
Package rerunfilecheck Info: File `Fall+Detection_Draft1.out' has not changed.
(rerunfilecheck)             Checksum: 6560435EA52779745DFF2320A8BC9AF9;126.


LaTeX Font Warning: Some font shapes were not available, defaults substituted.

Package atveryend Info: Empty hook `AtVeryVeryEnd' on input line 247.
 ) 
Here is how much of TeX's memory you used:
 7253 strings out of 492616
 106567 string characters out of 6129482
 217815 words of memory out of 5000000
 11056 multiletter control sequences out of 15000+600000
 8054 words of font info for 30 fonts, out of 8000000 for 9000
 1141 hyphenation exceptions out of 8191
 33i,9n,35p,1848b,478s stack positions out of 5000i,500n,10000p,200000b,80000s
</usr/local/texlive/2019/texmf-dist/fonts/type1/public/amsfonts/cm/cmbx12.pfb
></usr/local/texlive/2019/texmf-dist/fonts/type1/public/amsfonts/cm/cmbx9.pfb><
/usr/local/texlive/2019/texmf-dist/fonts/type1/public/amsfonts/cm/cmr10.pfb></u
sr/local/texlive/2019/texmf-dist/fonts/type1/public/amsfonts/cm/cmr6.pfb></usr/
local/texlive/2019/texmf-dist/fonts/type1/public/amsfonts/cm/cmr7.pfb></usr/loc
al/texlive/2019/texmf-dist/fonts/type1/public/amsfonts/cm/cmr9.pfb></usr/local/
texlive/2019/texmf-dist/fonts/type1/public/amsfonts/cm/cmsy9.pfb></usr/local/te
xlive/2019/texmf-dist/fonts/type1/public/amsfonts/cm/cmtt9.pfb>
Output written on Fall+Detection_Draft1.pdf (14 pages, 1493280 bytes).
PDF statistics:
 242 PDF objects out of 1000 (max. 8388607)
 150 compressed objects within 2 object streams
 46 named destinations out of 1000 (max. 500000)
 119 words of extra memory for PDF output out of 10000 (max. 10000000)

